<?xml version="1.0" encoding="UTF-8"?>
<!-- Generated by org.testng.reporters.JUnitReportReporter -->
<testsuite hostname="lenovo-PC" name="com.gintong.android.test.gintong" tests="1" failures="0" timestamp="9 May 2016 10:33:08 GMT" time="40.928" errors="0">
  <testcase name="gtMessage" time="40.928" classname="com.gintong.android.test.gintong"/>
</testsuite> <!-- com.gintong.android.test.gintong -->
